[1113/165111.460:ERROR:directory_reader_win.cc(43)] FindFirstFile: The system cannot find the path specified. (0x3)
[1113/174255.714:ERROR:filesystem_win.cc(129)] GetFileAttributes C:\Users\moran\AppData\Local\AVAST Software\Browser\User Data\Crashpad\attachments\a1f1c31e-dc1f-49ba-b42d-bda27dc2ad17: The system cannot find the path specified. (0x3)
[1114/130501.079:ERROR:directory_reader_win.cc(43)] FindFirstFile: The system cannot find the path specified. (0x3)
[1114/135137.462:ERROR:filesystem_win.cc(129)] GetFileAttributes C:\Users\moran\AppData\Local\AVAST Software\Browser\User Data\Crashpad\attachments\200c0604-4c8d-4178-a7ae-f0dd76f7e18a: The system cannot find the path specified. (0x3)
[1115/114818.033:ERROR:process_reader_win.cc(151)] SuspendThread: Access is denied. (0x5)
[1115/114818.033:ERROR:process_reader_win.cc(151)] SuspendThread: Access is denied. (0x5)
[1115/114818.033:ERROR:process_reader_win.cc(123)] NtOpenThread: {Access Denied} A process has requested access to an object, but has not been granted those access rights. (0xc0000022)
[1115/114818.036:ERROR:exception_snapshot_win.cc(99)] thread ID 19248 not found in process
[1115/114818.095:ERROR:process_reader_win.cc(151)] SuspendThread: Access is denied. (0x5)
[1115/114818.095:ERROR:process_reader_win.cc(151)] SuspendThread: Access is denied. (0x5)
[1115/114818.095:ERROR:process_reader_win.cc(151)] SuspendThread: Access is denied. (0x5)
[1115/114818.095:ERROR:process_reader_win.cc(151)] SuspendThread: Access is denied. (0x5)
[1115/114818.095:ERROR:process_reader_win.cc(151)] SuspendThread: Access is denied. (0x5)
[1115/114818.095:ERROR:process_reader_win.cc(151)] SuspendThread: Access is denied. (0x5)
[1115/114818.095:ERROR:process_reader_win.cc(151)] SuspendThread: Access is denied. (0x5)
[1115/114818.095:ERROR:process_reader_win.cc(151)] SuspendThread: Access is denied. (0x5)
[1115/114818.095:ERROR:process_reader_win.cc(151)] SuspendThread: Access is denied. (0x5)
[1115/114818.095:ERROR:process_reader_win.cc(151)] SuspendThread: Access is denied. (0x5)
[1115/114818.096:ERROR:process_reader_win.cc(151)] SuspendThread: Access is denied. (0x5)
[1115/114818.096:ERROR:process_reader_win.cc(151)] SuspendThread: Access is denied. (0x5)
[1115/114818.096:ERROR:process_reader_win.cc(151)] SuspendThread: Access is denied. (0x5)
[1115/114818.096:ERROR:process_reader_win.cc(151)] SuspendThread: Access is denied. (0x5)
[1115/114818.096:ERROR:process_reader_win.cc(151)] SuspendThread: Access is denied. (0x5)
[1115/114818.096:ERROR:process_reader_win.cc(151)] SuspendThread: Access is denied. (0x5)
[1115/114818.096:ERROR:process_reader_win.cc(151)] SuspendThread: Access is denied. (0x5)
[1115/114818.096:ERROR:process_reader_win.cc(151)] SuspendThread: Access is denied. (0x5)
[1115/114818.096:ERROR:process_reader_win.cc(151)] SuspendThread: Access is denied. (0x5)
[1115/114818.096:ERROR:process_reader_win.cc(151)] SuspendThread: Access is denied. (0x5)
[1115/114818.096:ERROR:process_reader_win.cc(151)] SuspendThread: Access is denied. (0x5)
[1115/114818.096:ERROR:process_reader_win.cc(123)] NtOpenThread: {Access Denied} A process has requested access to an object, but has not been granted those access rights. (0xc0000022)
[1115/114818.096:ERROR:process_reader_win.cc(151)] SuspendThread: Access is denied. (0x5)
[1115/114818.096:ERROR:exception_snapshot_win.cc(99)] thread ID 28368 not found in process
[1115/114818.096:ERROR:process_reader_win.cc(151)] SuspendThread: Access is denied. (0x5)
[1115/114818.096:ERROR:process_reader_win.cc(151)] SuspendThread: Access is denied. (0x5)
[1115/114818.097:ERROR:process_reader_win.cc(151)] SuspendThread: Access is denied. (0x5)
[1115/114818.097:ERROR:process_reader_win.cc(151)] SuspendThread: Access is denied. (0x5)
[1115/114818.097:ERROR:process_reader_win.cc(151)] SuspendThread: Access is denied. (0x5)
[1115/114818.097:ERROR:process_reader_win.cc(151)] SuspendThread: Access is denied. (0x5)
[1115/114818.097:ERROR:process_reader_win.cc(151)] SuspendThread: Access is denied. (0x5)
[1115/114818.098:ERROR:process_reader_win.cc(151)] SuspendThread: Access is denied. (0x5)
[1115/114818.098:ERROR:process_reader_win.cc(151)] SuspendThread: Access is denied. (0x5)
[1115/114818.102:ERROR:process_reader_win.cc(151)] SuspendThread: Access is denied. (0x5)
[1115/114818.102:ERROR:process_reader_win.cc(123)] NtOpenThread: {Access Denied} A process has requested access to an object, but has not been granted those access rights. (0xc0000022)
[1115/114818.102:ERROR:exception_snapshot_win.cc(99)] thread ID 29208 not found in process
[1115/114818.137:ERROR:process_reader_win.cc(151)] SuspendThread: Access is denied. (0x5)
[1115/114818.137:ERROR:process_reader_win.cc(151)] SuspendThread: Access is denied. (0x5)
[1115/114818.137:ERROR:process_reader_win.cc(151)] SuspendThread: Access is denied. (0x5)
[1115/114818.138:ERROR:process_reader_win.cc(151)] SuspendThread: Access is denied. (0x5)
[1115/114818.138:ERROR:process_reader_win.cc(151)] SuspendThread: Access is denied. (0x5)
[1115/114818.138:ERROR:process_reader_win.cc(151)] SuspendThread: Access is denied. (0x5)
[1115/114818.138:ERROR:process_reader_win.cc(151)] SuspendThread: Access is denied. (0x5)
[1115/114818.138:ERROR:process_reader_win.cc(151)] SuspendThread: Access is denied. (0x5)
[1115/114818.138:ERROR:process_reader_win.cc(151)] SuspendThread: Access is denied. (0x5)
[1115/114818.138:ERROR:process_reader_win.cc(151)] SuspendThread: Access is denied. (0x5)
[1115/114818.138:ERROR:process_reader_win.cc(151)] SuspendThread: Access is denied. (0x5)
[1115/114818.138:ERROR:process_reader_win.cc(151)] SuspendThread: Access is denied. (0x5)
[1115/114818.138:ERROR:process_reader_win.cc(151)] SuspendThread: Access is denied. (0x5)
[1115/114818.138:ERROR:process_reader_win.cc(151)] SuspendThread: Access is denied. (0x5)
[1115/114818.138:ERROR:process_reader_win.cc(123)] NtOpenThread: {Access Denied} A process has requested access to an object, but has not been granted those access rights. (0xc0000022)
[1115/114818.138:ERROR:exception_snapshot_win.cc(99)] thread ID 22516 not found in process
[1115/114818.240:ERROR:process_reader_win.cc(151)] SuspendThread: Access is denied. (0x5)
[1115/114818.240:ERROR:process_reader_win.cc(151)] SuspendThread: Access is denied. (0x5)
[1115/114818.240:ERROR:process_reader_win.cc(151)] SuspendThread: Access is denied. (0x5)
[1115/114818.240:ERROR:process_reader_win.cc(151)] SuspendThread: Access is denied. (0x5)
[1115/114818.240:ERROR:process_reader_win.cc(151)] SuspendThread: Access is denied. (0x5)
[1115/114818.240:ERROR:process_reader_win.cc(151)] SuspendThread: Access is denied. (0x5)
[1115/114818.240:ERROR:process_reader_win.cc(151)] SuspendThread: Access is denied. (0x5)
[1115/114818.240:ERROR:process_reader_win.cc(151)] SuspendThread: Access is denied. (0x5)
[1115/114818.240:ERROR:process_reader_win.cc(151)] SuspendThread: Access is denied. (0x5)
[1115/114818.240:ERROR:process_reader_win.cc(151)] SuspendThread: Access is denied. (0x5)
[1115/114818.240:ERROR:process_reader_win.cc(151)] SuspendThread: Access is denied. (0x5)
[1115/114818.240:ERROR:process_reader_win.cc(123)] NtOpenThread: {Access Denied} A process has requested access to an object, but has not been granted those access rights. (0xc0000022)
[1115/114818.241:ERROR:exception_snapshot_win.cc(99)] thread ID 27600 not found in process
